app/build/intermediates/manifest_merge_blame_file/debug/manifest-merger-blame-debug-report.txt
1<?xml version="1.0" encoding="utf-8"?>
2<manifest xmlns:android="http://schemas.android.com/apk/res/android"
3    package="com.example.musicplayer"
4    android:versionCode="1"
5    android:versionName="1.0" >
6
7    <uses-sdk
8        android:minSdkVersion="16"
8-->src\main\AndroidManifest.xml
9        android:targetSdkVersion="29" />
9-->src\main\AndroidManifest.xml
10
11    <uses-permission android:name="android.permission.WRITE_EXTERNAL_STORAGE" />
11-->src\main\AndroidManifest.xml:33:5-81
11-->src\main\AndroidManifest.xml:33:22-78
12    <uses-permission android:name="android.permission.WAKE_LOCK" />
12-->src\main\AndroidManifest.xml:34:5-68
12-->src\main\AndroidManifest.xml:34:22-65
13    <uses-permission android:name="android.permission.MEDIA_CONTENT_CONTROL" />
13-->src\main\AndroidManifest.xml:35:5-80
13-->src\main\AndroidManifest.xml:35:22-77
14    <uses-permission android:name="android.permission.FOREGROUND_SERVICE" />
14-->src\main\AndroidManifest.xml:36:5-77
14-->src\main\AndroidManifest.xml:36:22-74
15    <uses-permission android:name="android.permission.READ_EXTERNAL_STORAGE" />
15-->src\main\AndroidManifest.xml:38:5-80
15-->src\main\AndroidManifest.xml:38:22-77
16    <uses-permission android:name="android.permission.ACCESS_NETWORK_STATE" />
16-->[com.google.firebase:firebase-database:16.0.4] AndroidManifest.xml:22:5-79
16-->[com.google.firebase:firebase-database:16.0.4] AndroidManifest.xml:22:22-76
17    <uses-permission android:name="android.permission.INTERNET" />
17-->[com.google.firebase:firebase-database:16.0.4] AndroidManifest.xml:23:5-67
17-->[com.google.firebase:firebase-database:16.0.4] AndroidManifest.xml:23:22-64
18    <uses-permission android:name="com.google.android.finsky.permission.BIND_GET_INSTALL_REFERRER_SERVICE" /> <!-- Required by older versions of Google Play services to create IID tokens -->
18-->[com.google.android.gms:play-services-measurement:17.2.0] AndroidManifest.xml:26:5-110
18-->[com.google.android.gms:play-services-measurement:17.2.0] AndroidManifest.xml:26:22-107
19    <uses-permission android:name="com.google.android.c2dm.permission.RECEIVE" />
19-->[com.google.firebase:firebase-iid:19.0.0] AndroidManifest.xml:26:5-82
19-->[com.google.firebase:firebase-iid:19.0.0] AndroidManifest.xml:26:22-79
20
21    <application
21-->src\main\AndroidManifest.xml:6:5-32:19
22        android:allowBackup="true"
22-->src\main\AndroidManifest.xml:7:9-35
23        android:appComponentFactory="androidx.core.app.CoreComponentFactory"
23-->[androidx.core:core:1.0.1] AndroidManifest.xml:22:18-86
24        android:debuggable="true"
25        android:icon="@mipmap/ic_launcher"
25-->src\main\AndroidManifest.xml:8:9-43
26        android:label="MusicDev"
26-->src\main\AndroidManifest.xml:9:9-33
27        android:roundIcon="@mipmap/ic_launcher_round"
27-->src\main\AndroidManifest.xml:10:9-54
28        android:supportsRtl="true"
28-->src\main\AndroidManifest.xml:11:9-35
29        android:theme="@style/AppTheme" >
29-->src\main\AndroidManifest.xml:12:9-40
30        <activity
30-->src\main\AndroidManifest.xml:13:9-27:20
31            android:name="com.example.musicplayer.MainActivity"
31-->src\main\AndroidManifest.xml:14:13-41
32            android:label="MusicDev"
32-->src\main\AndroidManifest.xml:15:13-37
33            android:launchMode="singleTop"
33-->src\main\AndroidManifest.xml:16:13-43
34            android:screenOrientation="portrait" >
34-->src\main\AndroidManifest.xml:17:13-49
35            <intent-filter>
35-->src\main\AndroidManifest.xml:18:13-22:29
36                <action android:name="android.intent.action.MAIN" />
36-->src\main\AndroidManifest.xml:19:17-69
36-->src\main\AndroidManifest.xml:19:25-66
37
38                <category android:name="android.intent.category.LAUNCHER" />
38-->src\main\AndroidManifest.xml:21:17-77
38-->src\main\AndroidManifest.xml:21:27-74
39            </intent-filter>
40
41            <meta-data
41-->src\main\AndroidManifest.xml:24:13-26:50
42                android:name="android.app.search"
42-->src\main\AndroidManifest.xml:25:17-50
43                android:resource="@xml/search" />
43-->src\main\AndroidManifest.xml:26:17-47
44        </activity>
45
46        <service
46-->src\main\AndroidManifest.xml:29:9-31:38
47            android:name="com.example.musicplayer.MusicService"
47-->src\main\AndroidManifest.xml:30:13-41
48            android:enabled="true" />
48-->src\main\AndroidManifest.xml:31:13-35
49
50        <activity
50-->[com.karumi:dexter:5.0.0] AndroidManifest.xml:27:9-29:72
51            android:name="com.karumi.dexter.DexterActivity"
51-->[com.karumi:dexter:5.0.0] AndroidManifest.xml:28:13-60
52            android:theme="@style/Dexter.Internal.Theme.Transparent" />
52-->[com.karumi:dexter:5.0.0] AndroidManifest.xml:29:13-69
53
54        <receiver
54-->[com.google.android.gms:play-services-measurement:17.2.0] AndroidManifest.xml:29:9-33:20
55            android:name="com.google.android.gms.measurement.AppMeasurementReceiver"
55-->[com.google.android.gms:play-services-measurement:17.2.0] AndroidManifest.xml:30:13-85
56            android:enabled="true"
56-->[com.google.android.gms:play-services-measurement:17.2.0] AndroidManifest.xml:31:13-35
57            android:exported="false" >
57-->[com.google.android.gms:play-services-measurement:17.2.0] AndroidManifest.xml:32:13-37
58        </receiver>
59        <receiver
59-->[com.google.android.gms:play-services-measurement:17.2.0] AndroidManifest.xml:34:9-42:20
60            android:name="com.google.android.gms.measurement.AppMeasurementInstallReferrerReceiver"
60-->[com.google.android.gms:play-services-measurement:17.2.0] AndroidManifest.xml:35:13-100
61            android:enabled="true"
61-->[com.google.android.gms:play-services-measurement:17.2.0] AndroidManifest.xml:36:13-35
62            android:exported="true"
62-->[com.google.android.gms:play-services-measurement:17.2.0] AndroidManifest.xml:37:13-36
63            android:permission="android.permission.INSTALL_PACKAGES" >
63-->[com.google.android.gms:play-services-measurement:17.2.0] AndroidManifest.xml:38:13-69
64            <intent-filter>
64-->[com.google.android.gms:play-services-measurement:17.2.0] AndroidManifest.xml:39:13-41:29
65                <action android:name="com.android.vending.INSTALL_REFERRER" />
65-->[com.google.android.gms:play-services-measurement:17.2.0] AndroidManifest.xml:40:17-79
65-->[com.google.android.gms:play-services-measurement:17.2.0] AndroidManifest.xml:40:25-76
66            </intent-filter>
67        </receiver>
68
69        <service
69-->[com.google.android.gms:play-services-measurement:17.2.0] AndroidManifest.xml:44:9-47:40
70            android:name="com.google.android.gms.measurement.AppMeasurementService"
70-->[com.google.android.gms:play-services-measurement:17.2.0] AndroidManifest.xml:45:13-84
71            android:enabled="true"
71-->[com.google.android.gms:play-services-measurement:17.2.0] AndroidManifest.xml:46:13-35
72            android:exported="false" />
72-->[com.google.android.gms:play-services-measurement:17.2.0] AndroidManifest.xml:47:13-37
73        <service
73-->[com.google.android.gms:play-services-measurement:17.2.0] AndroidManifest.xml:48:9-52:72
74            android:name="com.google.android.gms.measurement.AppMeasurementJobService"
74-->[com.google.android.gms:play-services-measurement:17.2.0] AndroidManifest.xml:49:13-87
75            android:enabled="true"
75-->[com.google.android.gms:play-services-measurement:17.2.0] AndroidManifest.xml:50:13-35
76            android:exported="false"
76-->[com.google.android.gms:play-services-measurement:17.2.0] AndroidManifest.xml:51:13-37
77            android:permission="android.permission.BIND_JOB_SERVICE" />
77-->[com.google.android.gms:play-services-measurement:17.2.0] AndroidManifest.xml:52:13-69
78        <service
78-->[com.google.android.gms:play-services-measurement-api:17.2.0] AndroidManifest.xml:27:9-33:19
79            android:name="com.google.firebase.components.ComponentDiscoveryService"
79-->[com.google.android.gms:play-services-measurement-api:17.2.0] AndroidManifest.xml:28:13-84
80            android:exported="false" >
80-->[com.google.android.gms:play-services-measurement-api:17.2.0] AndroidManifest.xml:29:13-37
81            <meta-data
81-->[com.google.android.gms:play-services-measurement-api:17.2.0] AndroidManifest.xml:30:13-32:85
82                android:name="com.google.firebase.components:com.google.firebase.analytics.connector.internal.AnalyticsConnectorRegistrar"
82-->[com.google.android.gms:play-services-measurement-api:17.2.0] AndroidManifest.xml:31:17-139
83                android:value="com.google.firebase.components.ComponentRegistrar" />
83-->[com.google.android.gms:play-services-measurement-api:17.2.0] AndroidManifest.xml:32:17-82
84            <meta-data
84-->[com.google.firebase:firebase-iid:19.0.0] AndroidManifest.xml:32:13-34:85
85                android:name="com.google.firebase.components:com.google.firebase.iid.Registrar"
85-->[com.google.firebase:firebase-iid:19.0.0] AndroidManifest.xml:33:17-96
86                android:value="com.google.firebase.components.ComponentRegistrar" />
86-->[com.google.firebase:firebase-iid:19.0.0] AndroidManifest.xml:34:17-82
87        </service>
88
89        <receiver
89-->[com.google.firebase:firebase-iid:19.0.0] AndroidManifest.xml:37:9-44:20
90            android:name="com.google.firebase.iid.FirebaseInstanceIdReceiver"
90-->[com.google.firebase:firebase-iid:19.0.0] AndroidManifest.xml:38:13-78
91            android:exported="true"
91-->[com.google.firebase:firebase-iid:19.0.0] AndroidManifest.xml:39:13-36
92            android:permission="com.google.android.c2dm.permission.SEND" >
92-->[com.google.firebase:firebase-iid:19.0.0] AndroidManifest.xml:40:13-73
93            <intent-filter>
93-->[com.google.firebase:firebase-iid:19.0.0] AndroidManifest.xml:41:13-43:29
94                <action android:name="com.google.android.c2dm.intent.RECEIVE" />
94-->[com.google.firebase:firebase-iid:19.0.0] AndroidManifest.xml:42:17-81
94-->[com.google.firebase:firebase-iid:19.0.0] AndroidManifest.xml:42:25-78
95            </intent-filter>
96        </receiver>
97
98        <provider
98-->[com.google.firebase:firebase-common:19.0.0] AndroidManifest.xml:12:9-16:39
99            android:name="com.google.firebase.provider.FirebaseInitProvider"
99-->[com.google.firebase:firebase-common:19.0.0] AndroidManifest.xml:13:13-77
100            android:authorities="com.example.musicplayer.firebaseinitprovider"
100-->[com.google.firebase:firebase-common:19.0.0] AndroidManifest.xml:14:13-72
101            android:exported="false"
101-->[com.google.firebase:firebase-common:19.0.0] AndroidManifest.xml:15:13-37
102            android:initOrder="100" />
102-->[com.google.firebase:firebase-common:19.0.0] AndroidManifest.xml:16:13-36
103
104        <activity
104-->[com.google.android.gms:play-services-base:17.0.0] AndroidManifest.xml:23:9-26:75
105            android:name="com.google.android.gms.common.api.GoogleApiActivity"
105-->[com.google.android.gms:play-services-base:17.0.0] AndroidManifest.xml:24:13-79
106            android:exported="false"
106-->[com.google.android.gms:play-services-base:17.0.0] AndroidManifest.xml:25:13-37
107            android:theme="@android:style/Theme.Translucent.NoTitleBar" />
107-->[com.google.android.gms:play-services-base:17.0.0] AndroidManifest.xml:26:13-72
108
109        <meta-data
109-->[com.google.android.gms:play-services-basement:17.0.0] AndroidManifest.xml:23:9-25:69
110            android:name="com.google.android.gms.version"
110-->[com.google.android.gms:play-services-basement:17.0.0] AndroidManifest.xml:24:13-58
111            android:value="@integer/google_play_services_version" />
111-->[com.google.android.gms:play-services-basement:17.0.0] AndroidManifest.xml:25:13-66
112    </application>
113
114</manifest>